<?xml version="1.0" encoding="UTF-8"?>
<testsuite name="com.webservice.springboot.web.domain.posts.PostsRepositoryTest" tests="2" skipped="0" failures="0" errors="0" timestamp="2023-03-17T05:20:02" hostname="DESKTOP-TTP9NQD" time="0.456">
  <properties/>
  <testcase name="게시글저장_불러오기" classname="com.webservice.springboot.web.domain.posts.PostsRepositoryTest" time="0.433"/>
  <testcase name="BaseTimeEntity_등록" classname="com.webservice.springboot.web.domain.posts.PostsRepositoryTest" time="0.02"/>
  <system-out><![CDATA[2023-03-17 14:19:55.465  INFO 34792 --- [    Test worker] .b.t.c.SpringBootTestContextBootstrapper : Neither @ContextConfiguration nor @ContextHierarchy found for test class [com.webservice.springboot.web.domain.posts.PostsRepositoryTest], using SpringBootContextLoader
2023-03-17 14:19:55.468  INFO 34792 --- [    Test worker] o.s.t.c.support.AbstractContextLoader    : Could not detect default resource locations for test class [com.webservice.springboot.web.domain.posts.PostsRepositoryTest]: no resource found for suffixes {-context.xml, Context.groovy}.
2023-03-17 14:19:55.468  INFO 34792 --- [    Test worker] t.c.s.AnnotationConfigContextLoaderUtils : Could not detect default configuration classes for test class [com.webservice.springboot.web.domain.posts.PostsRepositoryTest]: PostsRepositoryTest does not declare any static, non-private, non-final, nested classes annotated with @Configuration.
2023-03-17 14:19:55.509  INFO 34792 --- [    Test worker] .b.t.c.SpringBootTestContextBootstrapper : Found @SpringBootConfiguration com.webservice.springboot.Application for test class com.webservice.springboot.web.domain.posts.PostsRepositoryTest
2023-03-17 14:19:55.527  INFO 34792 --- [    Test worker] .b.t.c.SpringBootTestContextBootstrapper : Loaded default TestExecutionListener class names from location [META-INF/spring.factories]: [org.springframework.security.test.context.support.WithSecurityContextTestExecutionListener, org.springframework.security.test.context.support.ReactorContextTestExecutionListener, org.springframework.boot.test.autoconfigure.restdocs.RestDocsTestExecutionListener, org.springframework.boot.test.autoconfigure.web.client.MockRestServiceServerResetTestExecutionListener, org.springframework.boot.test.autoconfigure.web.servlet.MockMvcPrintOnlyOnFailureTestExecutionListener, org.springframework.boot.test.autoconfigure.web.servlet.WebDriverTestExecutionListener, org.springframework.boot.test.mock.mockito.MockitoTestExecutionListener, org.springframework.boot.test.mock.mockito.ResetMocksTestExecutionListener, org.springframework.test.context.web.ServletTestExecutionListener, org.springframework.test.context.support.DirtiesContextBeforeModesTestExecutionListener, org.springframework.test.context.support.DependencyInjectionTestExecutionListener, org.springframework.test.context.support.DirtiesContextTestExecutionListener, org.springframework.test.context.transaction.TransactionalTestExecutionListener, org.springframework.test.context.jdbc.SqlScriptsTestExecutionListener]
2023-03-17 14:19:55.531  INFO 34792 --- [    Test worker] .b.t.c.SpringBootTestContextBootstrapper : Using TestExecutionListeners: [org.springframework.test.context.web.ServletTestExecutionListener@703a5809, org.springframework.test.context.support.DirtiesContextBeforeModesTestExecutionListener@1d679d80, org.springframework.boot.test.mock.mockito.MockitoTestExecutionListener@1b76c8d5, org.springframework.boot.test.autoconfigure.SpringBootDependencyInjectionTestExecutionListener@5c84854b, org.springframework.test.context.support.DirtiesContextTestExecutionListener@7e5c74c2, org.springframework.test.context.transaction.TransactionalTestExecutionListener@5ff67d14, org.springframework.test.context.jdbc.SqlScriptsTestExecutionListener@726b365f, org.springframework.security.test.context.support.WithSecurityContextTestExecutionListener@a3d4b84, org.springframework.security.test.context.support.ReactorContextTestExecutionListener@17dac465, org.springframework.boot.test.autoconfigure.restdocs.RestDocsTestExecutionListener@7ba81557, org.springframework.boot.test.autoconfigure.web.client.MockRestServiceServerResetTestExecutionListener@505a1db3, org.springframework.boot.test.autoconfigure.web.servlet.MockMvcPrintOnlyOnFailureTestExecutionListener@305b0d57, org.springframework.boot.test.autoconfigure.web.servlet.WebDriverTestExecutionListener@71e30ed5, org.springframework.boot.test.mock.mockito.ResetMocksTestExecutionListener@4a5abf13]

  .   ____          _            __ _ _
 /\\ / ___'_ __ _ _(_)_ __  __ _ \ \ \ \
( ( )\___ | '_ | '_| | '_ \/ _` | \ \ \ \
 \\/  ___)| |_)| | | | | || (_| |  ) ) ) )
  '  |____| .__|_| |_|_| |_\__, | / / / /
 =========|_|==============|___/=/_/_/_/
 :: Spring Boot ::        (v2.1.7.RELEASE)

2023-03-17 14:19:55.696  INFO 34792 --- [    Test worker] c.w.s.w.d.posts.PostsRepositoryTest      : Starting PostsRepositoryTest on DESKTOP-TTP9NQD with PID 34792 (started by ksy in D:\03. Project\ws2\webservice\webservice)
2023-03-17 14:19:55.698  INFO 34792 --- [    Test worker] c.w.s.w.d.posts.PostsRepositoryTest      : The following profiles are active: oauth
2023-03-17 14:19:56.921  INFO 34792 --- [    Test worker] .s.d.r.c.RepositoryConfigurationDelegate : Bootstrapping Spring Data repositories in DEFAULT mode.
2023-03-17 14:19:57.002  INFO 34792 --- [    Test worker] .s.d.r.c.RepositoryConfigurationDelegate : Finished Spring Data repository scanning in 77ms. Found 2 repository interfaces.
2023-03-17 14:19:57.620  INFO 34792 --- [    Test worker] trationDelegate$BeanPostProcessorChecker : Bean 'org.springframework.transaction.annotation.ProxyTransactionManagementConfiguration' of type [org.springframework.transaction.annotation.ProxyTransactionManagementConfiguration$$EnhancerBySpringCGLIB$$b841180d] is not eligible for getting processed by all BeanPostProcessors (for example: not eligible for auto-proxying)
2023-03-17 14:19:57.928  INFO 34792 --- [    Test worker] com.zaxxer.hikari.HikariDataSource       : HikariPool-2 - Starting...
2023-03-17 14:19:57.934  INFO 34792 --- [    Test worker] com.zaxxer.hikari.HikariDataSource       : HikariPool-2 - Start completed.
2023-03-17 14:19:58.023  INFO 34792 --- [    Test worker] o.hibernate.jpa.internal.util.LogHelper  : HHH000204: Processing PersistenceUnitInfo [
	name: default
	...]
2023-03-17 14:19:58.046  INFO 34792 --- [    Test worker] org.hibernate.dialect.Dialect            : HHH000400: Using dialect: org.hibernate.dialect.MySQL5InnoDBDialect
Hibernate: drop table if exists posts
Hibernate: drop table if exists user
Hibernate: create table posts (id bigint not null auto_increment, created_date datetime, modified_date datetime, author varchar(255), content TEXT not null, title varchar(500) not null, primary key (id)) engine=InnoDB
Hibernate: create table user (id bigint not null auto_increment, created_date datetime, modified_date datetime, email varchar(255) not null, name varchar(255) not null, picture varchar(255), role varchar(255) not null, primary key (id)) engine=InnoDB
2023-03-17 14:19:58.198  INFO 34792 --- [    Test worker] o.h.t.schema.internal.SchemaCreatorImpl  : HHH000476: Executing import script 'org.hibernate.tool.schema.internal.exec.ScriptSourceInputNonExistentImpl@7ec5d52b'
2023-03-17 14:19:58.203  INFO 34792 --- [    Test worker] j.LocalContainerEntityManagerFactoryBean : Initialized JPA EntityManagerFactory for persistence unit 'default'
2023-03-17 14:19:58.860  INFO 34792 --- [    Test worker] o.h.h.i.QueryTranslatorFactoryInitiator  : HHH000397: Using ASTQueryTranslatorFactory
2023-03-17 14:19:59.281  INFO 34792 --- [    Test worker] o.s.s.web.DefaultSecurityFilterChain     : Creating filter chain: any request, [org.springframework.security.web.context.request.async.WebAsyncManagerIntegrationFilter@518f710f, org.springframework.security.web.context.SecurityContextPersistenceFilter@3b6a1c24, org.springframework.security.web.header.HeaderWriterFilter@43796d1c, org.springframework.security.web.authentication.logout.LogoutFilter@4a3106a1, org.springframework.security.oauth2.client.web.OAuth2AuthorizationRequestRedirectFilter@68343af0, org.springframework.security.oauth2.client.web.OAuth2LoginAuthenticationFilter@440a4c4d, org.springframework.security.web.authentication.ui.DefaultLoginPageGeneratingFilter@21d1a583, org.springframework.security.web.authentication.ui.DefaultLogoutPageGeneratingFilter@782b45a1, org.springframework.security.web.savedrequest.RequestCacheAwareFilter@1dabae92, org.springframework.security.web.servletapi.SecurityContextHolderAwareRequestFilter@15b221b6, org.springframework.security.web.authentication.AnonymousAuthenticationFilter@318103ee, org.springframework.security.web.session.SessionManagementFilter@5addd142, org.springframework.security.web.access.ExceptionTranslationFilter@1ab79a09, org.springframework.security.web.access.intercept.FilterSecurityInterceptor@b94433c]
2023-03-17 14:20:01.102  INFO 34792 --- [    Test worker] o.s.s.concurrent.ThreadPoolTaskExecutor  : Initializing ExecutorService 'applicationTaskExecutor'
2023-03-17 14:20:01.153  WARN 34792 --- [    Test worker] aWebConfiguration$JpaWebMvcConfiguration : spring.jpa.open-in-view is enabled by default. Therefore, database queries may be performed during view rendering. Explicitly configure spring.jpa.open-in-view to disable this warning
2023-03-17 14:20:01.265  INFO 34792 --- [    Test worker] o.s.b.a.w.s.WelcomePageHandlerMapping    : Adding welcome page template: index
2023-03-17 14:20:02.874  INFO 34792 --- [    Test worker] s.a.ScheduledAnnotationBeanPostProcessor : No TaskScheduler/ScheduledExecutorService bean found for scheduled processing
2023-03-17 14:20:02.882  INFO 34792 --- [    Test worker] c.w.s.w.d.posts.PostsRepositoryTest      : Started PostsRepositoryTest in 7.337 seconds (JVM running for 48.504)
Hibernate: insert into posts (created_date, modified_date, author, content, title) values (?, ?, ?, ?, ?)
Hibernate: select posts0_.id as id1_0_, posts0_.created_date as created_2_0_, posts0_.modified_date as modified3_0_, posts0_.author as author4_0_, posts0_.content as content5_0_, posts0_.title as title6_0_ from posts posts0_
Hibernate: select posts0_.id as id1_0_, posts0_.created_date as created_2_0_, posts0_.modified_date as modified3_0_, posts0_.author as author4_0_, posts0_.content as content5_0_, posts0_.title as title6_0_ from posts posts0_
Hibernate: delete from posts where id=?
Hibernate: insert into posts (created_date, modified_date, author, content, title) values (?, ?, ?, ?, ?)
Hibernate: select posts0_.id as id1_0_, posts0_.created_date as created_2_0_, posts0_.modified_date as modified3_0_, posts0_.author as author4_0_, posts0_.content as content5_0_, posts0_.title as title6_0_ from posts posts0_
>>>>>> createDate=2023-03-17T14:20:03.334, modifiedDate=2023-03-17T14:20:03.334
Hibernate: select posts0_.id as id1_0_, posts0_.created_date as created_2_0_, posts0_.modified_date as modified3_0_, posts0_.author as author4_0_, posts0_.content as content5_0_, posts0_.title as title6_0_ from posts posts0_
Hibernate: delete from posts where id=?
]]></system-out>
  <system-err><![CDATA[]]></system-err>
</testsuite>
