<?xml version="1.0" encoding="UTF-8"?>
<testsuite name="com.webservice.springboot.web.HelloControllerTest" tests="2" skipped="0" failures="0" errors="0" timestamp="2023-03-17T05:19:31" hostname="DESKTOP-TTP9NQD" time="1.423">
  <properties/>
  <testcase name="hello가_리턴된다" classname="com.webservice.springboot.web.HelloControllerTest" time="1.129"/>
  <testcase name="helloDto가_리턴된다" classname="com.webservice.springboot.web.HelloControllerTest" time="0.292"/>
  <system-out><![CDATA[14:19:17.660 [Test worker] DEBUG org.springframework.test.context.junit4.SpringJUnit4ClassRunner - SpringJUnit4ClassRunner constructor called with [class com.webservice.springboot.web.HelloControllerTest]
14:19:17.689 [Test worker] DEBUG org.springframework.test.context.BootstrapUtils - Instantiating CacheAwareContextLoaderDelegate from class [org.springframework.test.context.cache.DefaultCacheAwareContextLoaderDelegate]
14:19:17.713 [Test worker] DEBUG org.springframework.test.context.BootstrapUtils - Instantiating BootstrapContext using constructor [public org.springframework.test.context.support.DefaultBootstrapContext(java.lang.Class,org.springframework.test.context.CacheAwareContextLoaderDelegate)]
14:19:17.765 [Test worker] DEBUG org.springframework.test.context.BootstrapUtils - Instantiating TestContextBootstrapper for test class [com.webservice.springboot.web.HelloControllerTest] from class [org.springframework.boot.test.autoconfigure.web.servlet.WebMvcTestContextBootstrapper]
14:19:17.820 [Test worker] INFO org.springframework.boot.test.autoconfigure.web.servlet.WebMvcTestContextBootstrapper - Neither @ContextConfiguration nor @ContextHierarchy found for test class [com.webservice.springboot.web.HelloControllerTest], using SpringBootContextLoader
14:19:17.830 [Test worker] DEBUG org.springframework.test.context.support.AbstractContextLoader - Did not detect default resource location for test class [com.webservice.springboot.web.HelloControllerTest]: class path resource [com/webservice/springboot/web/HelloControllerTest-context.xml] does not exist
14:19:17.831 [Test worker] DEBUG org.springframework.test.context.support.AbstractContextLoader - Did not detect default resource location for test class [com.webservice.springboot.web.HelloControllerTest]: class path resource [com/webservice/springboot/web/HelloControllerTestContext.groovy] does not exist
14:19:17.832 [Test worker] INFO org.springframework.test.context.support.AbstractContextLoader - Could not detect default resource locations for test class [com.webservice.springboot.web.HelloControllerTest]: no resource found for suffixes {-context.xml, Context.groovy}.
14:19:17.834 [Test worker] INFO org.springframework.test.context.support.AnnotationConfigContextLoaderUtils - Could not detect default configuration classes for test class [com.webservice.springboot.web.HelloControllerTest]: HelloControllerTest does not declare any static, non-private, non-final, nested classes annotated with @Configuration.
14:19:18.039 [Test worker] DEBUG org.springframework.test.context.support.ActiveProfilesUtils - Could not find an 'annotation declaring class' for annotation type [org.springframework.test.context.ActiveProfiles] and class [com.webservice.springboot.web.HelloControllerTest]
14:19:18.350 [Test worker] DEBUG org.springframework.context.annotation.ClassPathScanningCandidateComponentProvider - Identified candidate component class: file [D:\03. Project\ws2\webservice\webservice\build\classes\java\main\com\webservice\springboot\Application.class]
14:19:18.352 [Test worker] INFO org.springframework.boot.test.context.SpringBootTestContextBootstrapper - Found @SpringBootConfiguration com.webservice.springboot.Application for test class com.webservice.springboot.web.HelloControllerTest
14:19:18.355 [Test worker] DEBUG org.springframework.boot.test.autoconfigure.web.servlet.WebMvcTestContextBootstrapper - @TestExecutionListeners is not present for class [com.webservice.springboot.web.HelloControllerTest]: using defaults.
14:19:18.388 [Test worker] INFO org.springframework.boot.test.autoconfigure.web.servlet.WebMvcTestContextBootstrapper - Loaded default TestExecutionListener class names from location [META-INF/spring.factories]: [org.springframework.security.test.context.support.WithSecurityContextTestExecutionListener, org.springframework.security.test.context.support.ReactorContextTestExecutionListener, org.springframework.boot.test.autoconfigure.restdocs.RestDocsTestExecutionListener, org.springframework.boot.test.autoconfigure.web.client.MockRestServiceServerResetTestExecutionListener, org.springframework.boot.test.autoconfigure.web.servlet.MockMvcPrintOnlyOnFailureTestExecutionListener, org.springframework.boot.test.autoconfigure.web.servlet.WebDriverTestExecutionListener, org.springframework.boot.test.mock.mockito.MockitoTestExecutionListener, org.springframework.boot.test.mock.mockito.ResetMocksTestExecutionListener, org.springframework.test.context.web.ServletTestExecutionListener, org.springframework.test.context.support.DirtiesContextBeforeModesTestExecutionListener, org.springframework.test.context.support.DependencyInjectionTestExecutionListener, org.springframework.test.context.support.DirtiesContextTestExecutionListener, org.springframework.test.context.transaction.TransactionalTestExecutionListener, org.springframework.test.context.jdbc.SqlScriptsTestExecutionListener]
14:19:19.527 [Test worker] INFO org.springframework.boot.test.autoconfigure.web.servlet.WebMvcTestContextBootstrapper - Using TestExecutionListeners: [org.springframework.test.context.web.ServletTestExecutionListener@1a40c4fb, org.springframework.test.context.support.DirtiesContextBeforeModesTestExecutionListener@4b8ee9e9, org.springframework.boot.test.mock.mockito.MockitoTestExecutionListener@66a23e9, org.springframework.boot.test.autoconfigure.SpringBootDependencyInjectionTestExecutionListener@6dd9dac3, org.springframework.test.context.support.DirtiesContextTestExecutionListener@7122bc9f, org.springframework.test.context.transaction.TransactionalTestExecutionListener@4d5fd2f3, org.springframework.test.context.jdbc.SqlScriptsTestExecutionListener@1afdd5da, org.springframework.security.test.context.support.WithSecurityContextTestExecutionListener@39d11b84, org.springframework.security.test.context.support.ReactorContextTestExecutionListener@5d739e65, org.springframework.boot.test.autoconfigure.restdocs.RestDocsTestExecutionListener@6e881772, org.springframework.boot.test.autoconfigure.web.client.MockRestServiceServerResetTestExecutionListener@1a2f4c7c, org.springframework.boot.test.autoconfigure.web.servlet.MockMvcPrintOnlyOnFailureTestExecutionListener@2b936986, org.springframework.boot.test.autoconfigure.web.servlet.WebDriverTestExecutionListener@6ad25a27, org.springframework.boot.test.mock.mockito.ResetMocksTestExecutionListener@44cff388]
14:19:19.541 [Test worker] DEBUG org.springframework.test.annotation.ProfileValueUtils - Retrieved @ProfileValueSourceConfiguration [null] for test class [com.webservice.springboot.web.HelloControllerTest]
14:19:19.543 [Test worker] DEBUG org.springframework.test.annotation.ProfileValueUtils - Retrieved ProfileValueSource type [class org.springframework.test.annotation.SystemProfileValueSource] for class [com.webservice.springboot.web.HelloControllerTest]
14:19:19.545 [Test worker] DEBUG org.springframework.test.annotation.ProfileValueUtils - Retrieved @ProfileValueSourceConfiguration [null] for test class [com.webservice.springboot.web.HelloControllerTest]
14:19:19.546 [Test worker] DEBUG org.springframework.test.annotation.ProfileValueUtils - Retrieved ProfileValueSource type [class org.springframework.test.annotation.SystemProfileValueSource] for class [com.webservice.springboot.web.HelloControllerTest]
14:19:19.564 [Test worker] DEBUG org.springframework.test.context.support.AbstractDirtiesContextTestExecutionListener - Before test class: context [DefaultTestContext@4ce7794e testClass = HelloControllerTest, testInstance = [null], testMethod = [null], testException = [null], mergedContextConfiguration = [WebMergedContextConfiguration@32874e13 testClass = HelloControllerTest, locations = '{}', classes = '{class com.webservice.springboot.Application}', contextInitializerClasses = '[]', activeProfiles = '{}', propertySourceLocations = '{}', propertySourceProperties = '{org.springframework.boot.test.autoconfigure.web.servlet.WebMvcTestContextBootstrapper=true}', contextCustomizers = set[org.springframework.boot.test.autoconfigure.OverrideAutoConfigurationContextCustomizerFactory$DisableAutoConfigurationContextCustomizer@7812aa7d, org.springframework.boot.test.autoconfigure.filter.TypeExcludeFiltersContextCustomizer@bad3d38f, org.springframework.boot.test.autoconfigure.properties.PropertyMappingContextCustomizer@94d80839, org.springframework.boot.test.autoconfigure.web.servlet.WebDriverContextCustomizerFactory$Customizer@3cd2193d, [ImportsContextCustomizer@f4f9ba1 key = [org.springframework.boot.autoconfigure.cache.CacheAutoConfiguration, org.springframework.boot.autoconfigure.context.MessageSourceAutoConfiguration, org.springframework.boot.autoconfigure.data.web.SpringDataWebAutoConfiguration, org.springframework.boot.autoconfigure.freemarker.FreeMarkerAutoConfiguration, org.springframework.boot.autoconfigure.groovy.template.GroovyTemplateAutoConfiguration, org.springframework.boot.autoconfigure.gson.GsonAutoConfiguration, org.springframework.boot.autoconfigure.hateoas.HypermediaAutoConfiguration, org.springframework.boot.autoconfigure.http.HttpMessageConvertersAutoConfiguration, org.springframework.boot.autoconfigure.jackson.JacksonAutoConfiguration, org.springframework.boot.autoconfigure.jsonb.JsonbAutoConfiguration, org.springframework.boot.autoconfigure.mustache.MustacheAutoConfiguration, org.springframework.boot.autoconfigure.task.TaskExecutionAutoConfiguration, org.springframework.boot.autoconfigure.thymeleaf.ThymeleafAutoConfiguration, org.springframework.boot.autoconfigure.validation.ValidationAutoConfiguration, org.springframework.boot.autoconfigure.web.servlet.error.ErrorMvcAutoConfiguration, org.springframework.boot.autoconfigure.web.servlet.WebMvcAutoConfiguration, org.springframework.boot.test.autoconfigure.web.servlet.MockMvcAutoConfiguration, org.springframework.boot.test.autoconfigure.web.servlet.MockMvcSecurityAutoConfiguration, org.springframework.boot.test.autoconfigure.web.servlet.MockMvcWebClientAutoConfiguration, org.springframework.boot.test.autoconfigure.web.servlet.MockMvcWebDriverAutoConfiguration]], org.springframework.boot.test.context.filter.ExcludeFilterContextCustomizer@281c117e, org.springframework.boot.test.json.DuplicateJsonObjectContextCustomizerFactory$DuplicateJsonObjectContextCustomizer@26bb0500, org.springframework.boot.test.mock.mockito.MockitoContextCustomizer@0], resourceBasePath = 'src/main/webapp', contextLoader = 'org.springframework.boot.test.context.SpringBootContextLoader', parent = [null]], attributes = map[[empty]]], class annotated with @DirtiesContext [false] with mode [null].
14:19:19.569 [Test worker] DEBUG org.springframework.test.annotation.ProfileValueUtils - Retrieved @ProfileValueSourceConfiguration [null] for test class [com.webservice.springboot.web.HelloControllerTest]
14:19:19.571 [Test worker] DEBUG org.springframework.test.annotation.ProfileValueUtils - Retrieved ProfileValueSource type [class org.springframework.test.annotation.SystemProfileValueSource] for class [com.webservice.springboot.web.HelloControllerTest]
14:19:19.589 [Test worker] DEBUG org.springframework.test.context.support.DependencyInjectionTestExecutionListener - Performing dependency injection for test context [[DefaultTestContext@4ce7794e testClass = HelloControllerTest, testInstance = com.webservice.springboot.web.HelloControllerTest@6ae4afd6, testMethod = [null], testException = [null], mergedContextConfiguration = [WebMergedContextConfiguration@32874e13 testClass = HelloControllerTest, locations = '{}', classes = '{class com.webservice.springboot.Application}', contextInitializerClasses = '[]', activeProfiles = '{}', propertySourceLocations = '{}', propertySourceProperties = '{org.springframework.boot.test.autoconfigure.web.servlet.WebMvcTestContextBootstrapper=true}', contextCustomizers = set[org.springframework.boot.test.autoconfigure.OverrideAutoConfigurationContextCustomizerFactory$DisableAutoConfigurationContextCustomizer@7812aa7d, org.springframework.boot.test.autoconfigure.filter.TypeExcludeFiltersContextCustomizer@bad3d38f, org.springframework.boot.test.autoconfigure.properties.PropertyMappingContextCustomizer@94d80839, org.springframework.boot.test.autoconfigure.web.servlet.WebDriverContextCustomizerFactory$Customizer@3cd2193d, [ImportsContextCustomizer@f4f9ba1 key = [org.springframework.boot.autoconfigure.cache.CacheAutoConfiguration, org.springframework.boot.autoconfigure.context.MessageSourceAutoConfiguration, org.springframework.boot.autoconfigure.data.web.SpringDataWebAutoConfiguration, org.springframework.boot.autoconfigure.freemarker.FreeMarkerAutoConfiguration, org.springframework.boot.autoconfigure.groovy.template.GroovyTemplateAutoConfiguration, org.springframework.boot.autoconfigure.gson.GsonAutoConfiguration, org.springframework.boot.autoconfigure.hateoas.HypermediaAutoConfiguration, org.springframework.boot.autoconfigure.http.HttpMessageConvertersAutoConfiguration, org.springframework.boot.autoconfigure.jackson.JacksonAutoConfiguration, org.springframework.boot.autoconfigure.jsonb.JsonbAutoConfiguration, org.springframework.boot.autoconfigure.mustache.MustacheAutoConfiguration, org.springframework.boot.autoconfigure.task.TaskExecutionAutoConfiguration, org.springframework.boot.autoconfigure.thymeleaf.ThymeleafAutoConfiguration, org.springframework.boot.autoconfigure.validation.ValidationAutoConfiguration, org.springframework.boot.autoconfigure.web.servlet.error.ErrorMvcAutoConfiguration, org.springframework.boot.autoconfigure.web.servlet.WebMvcAutoConfiguration, org.springframework.boot.test.autoconfigure.web.servlet.MockMvcAutoConfiguration, org.springframework.boot.test.autoconfigure.web.servlet.MockMvcSecurityAutoConfiguration, org.springframework.boot.test.autoconfigure.web.servlet.MockMvcWebClientAutoConfiguration, org.springframework.boot.test.autoconfigure.web.servlet.MockMvcWebDriverAutoConfiguration]], org.springframework.boot.test.context.filter.ExcludeFilterContextCustomizer@281c117e, org.springframework.boot.test.json.DuplicateJsonObjectContextCustomizerFactory$DuplicateJsonObjectContextCustomizer@26bb0500, org.springframework.boot.test.mock.mockito.MockitoContextCustomizer@0], resourceBasePath = 'src/main/webapp', contextLoader = 'org.springframework.boot.test.context.SpringBootContextLoader', parent = [null]], attributes = map[[empty]]]].
14:19:19.941 [Test worker] DEBUG org.springframework.test.context.support.TestPropertySourceUtils - Adding inlined properties to environment: {spring.jmx.enabled=false, org.springframework.boot.test.autoconfigure.web.servlet.WebMvcTestContextBootstrapper=true, server.port=-1}

  .   ____          _            __ _ _
 /\\ / ___'_ __ _ _(_)_ __  __ _ \ \ \ \
( ( )\___ | '_ | '_| | '_ \/ _` | \ \ \ \
 \\/  ___)| |_)| | | | | || (_| |  ) ) ) )
  '  |____| .__|_| |_|_| |_\__, | / / / /
 =========|_|==============|___/=/_/_/_/
 :: Spring Boot ::        (v2.1.7.RELEASE)

2023-03-17 14:19:21.127  INFO 34792 --- [    Test worker] c.w.springboot.web.HelloControllerTest   : Starting HelloControllerTest on DESKTOP-TTP9NQD with PID 34792 (started by ksy in D:\03. Project\ws2\webservice\webservice)
2023-03-17 14:19:21.131  INFO 34792 --- [    Test worker] c.w.springboot.web.HelloControllerTest   : The following profiles are active: oauth
2023-03-17 14:19:27.542  INFO 34792 --- [    Test worker] o.s.s.concurrent.ThreadPoolTaskExecutor  : Initializing ExecutorService 'applicationTaskExecutor'
2023-03-17 14:19:27.955  INFO 34792 --- [    Test worker] o.s.b.a.w.s.WelcomePageHandlerMapping    : Adding welcome page template: index
2023-03-17 14:19:29.563  INFO 34792 --- [    Test worker] .s.s.UserDetailsServiceAutoConfiguration : 

Using generated security password: 0113b6ea-fe72-4f95-bd04-3903c33adf7d

2023-03-17 14:19:30.778  INFO 34792 --- [    Test worker] o.s.s.web.DefaultSecurityFilterChain     : Creating filter chain: any request, [org.springframework.security.web.context.request.async.WebAsyncManagerIntegrationFilter@4689b686, org.springframework.security.web.context.SecurityContextPersistenceFilter@487a5f21, org.springframework.security.web.header.HeaderWriterFilter@5bc6e246, org.springframework.security.web.csrf.CsrfFilter@3fe64e3c, org.springframework.security.web.authentication.logout.LogoutFilter@10d92c3d, org.springframework.security.web.authentication.UsernamePasswordAuthenticationFilter@79944d03, org.springframework.security.web.authentication.ui.DefaultLoginPageGeneratingFilter@2410e910, org.springframework.security.web.authentication.ui.DefaultLogoutPageGeneratingFilter@3a7fc97c, org.springframework.security.web.authentication.www.BasicAuthenticationFilter@2a9b09ec, org.springframework.security.web.savedrequest.RequestCacheAwareFilter@6581987, org.springframework.security.web.servletapi.SecurityContextHolderAwareRequestFilter@7165503b, org.springframework.security.web.authentication.AnonymousAuthenticationFilter@683d1d8, org.springframework.security.web.session.SessionManagementFilter@60a253a3, org.springframework.security.web.access.ExceptionTranslationFilter@74498804, org.springframework.security.web.access.intercept.FilterSecurityInterceptor@745e887d]
2023-03-17 14:19:30.935  INFO 34792 --- [    Test worker] o.s.b.t.m.w.SpringBootMockServletContext : Initializing Spring TestDispatcherServlet ''
2023-03-17 14:19:30.936  INFO 34792 --- [    Test worker] o.s.t.web.servlet.TestDispatcherServlet  : Initializing Servlet ''
2023-03-17 14:19:30.970  INFO 34792 --- [    Test worker] o.s.t.web.servlet.TestDispatcherServlet  : Completed initialization in 34 ms
2023-03-17 14:19:31.110  INFO 34792 --- [    Test worker] c.w.springboot.web.HelloControllerTest   : Started HelloControllerTest in 11.144 seconds (JVM running for 16.732)
]]></system-out>
  <system-err><![CDATA[]]></system-err>
</testsuite>
