<?xml version="1.0" encoding="UTF-8"?>
<testsuite name="com.webservice.springboot.web.dto.HelloResponseDtoTest" tests="1" skipped="0" failures="0" errors="0" timestamp="2023-03-17T05:19:32" hostname="DESKTOP-TTP9NQD" time="0.477">
  <properties/>
  <testcase name="롬복_기능_테스트" classname="com.webservice.springboot.web.dto.HelloResponseDtoTest" time="0.477"/>
  <system-out><![CDATA[]]></system-out>
  <system-err><![CDATA[]]></system-err>
</testsuite>
