<?xml version="1.0" encoding="UTF-8"?>
<testsuite name="com.webservice.springboot.web.dto.IndexControllerTest" tests="1" skipped="0" failures="0" errors="0" timestamp="2023-03-17T05:19:54" hostname="DESKTOP-TTP9NQD" time="0.791">
  <properties/>
  <testcase name="메인페이지_로딩" classname="com.webservice.springboot.web.dto.IndexControllerTest" time="0.791"/>
  <system-out><![CDATA[2023-03-17 14:19:33.060  INFO 34792 --- [    Test worker] .b.t.c.SpringBootTestContextBootstrapper : Neither @ContextConfiguration nor @ContextHierarchy found for test class [com.webservice.springboot.web.dto.IndexControllerTest], using SpringBootContextLoader
2023-03-17 14:19:33.062  INFO 34792 --- [    Test worker] o.s.t.c.support.AbstractContextLoader    : Could not detect default resource locations for test class [com.webservice.springboot.web.dto.IndexControllerTest]: no resource found for suffixes {-context.xml, Context.groovy}.
2023-03-17 14:19:33.063  INFO 34792 --- [    Test worker] t.c.s.AnnotationConfigContextLoaderUtils : Could not detect default configuration classes for test class [com.webservice.springboot.web.dto.IndexControllerTest]: IndexControllerTest does not declare any static, non-private, non-final, nested classes annotated with @Configuration.
2023-03-17 14:19:33.120  INFO 34792 --- [    Test worker] .b.t.c.SpringBootTestContextBootstrapper : Found @SpringBootConfiguration com.webservice.springboot.Application for test class com.webservice.springboot.web.dto.IndexControllerTest
2023-03-17 14:19:33.124  INFO 34792 --- [    Test worker] .b.t.c.SpringBootTestContextBootstrapper : Loaded default TestExecutionListener class names from location [META-INF/spring.factories]: [org.springframework.security.test.context.support.WithSecurityContextTestExecutionListener, org.springframework.security.test.context.support.ReactorContextTestExecutionListener, org.springframework.boot.test.autoconfigure.restdocs.RestDocsTestExecutionListener, org.springframework.boot.test.autoconfigure.web.client.MockRestServiceServerResetTestExecutionListener, org.springframework.boot.test.autoconfigure.web.servlet.MockMvcPrintOnlyOnFailureTestExecutionListener, org.springframework.boot.test.autoconfigure.web.servlet.WebDriverTestExecutionListener, org.springframework.boot.test.mock.mockito.MockitoTestExecutionListener, org.springframework.boot.test.mock.mockito.ResetMocksTestExecutionListener, org.springframework.test.context.web.ServletTestExecutionListener, org.springframework.test.context.support.DirtiesContextBeforeModesTestExecutionListener, org.springframework.test.context.support.DependencyInjectionTestExecutionListener, org.springframework.test.context.support.DirtiesContextTestExecutionListener, org.springframework.test.context.transaction.TransactionalTestExecutionListener, org.springframework.test.context.jdbc.SqlScriptsTestExecutionListener]
2023-03-17 14:19:33.127  INFO 34792 --- [    Test worker] .b.t.c.SpringBootTestContextBootstrapper : Using TestExecutionListeners: [org.springframework.test.context.web.ServletTestExecutionListener@214da7b0, org.springframework.test.context.support.DirtiesContextBeforeModesTestExecutionListener@1229b6f5, org.springframework.boot.test.mock.mockito.MockitoTestExecutionListener@fa6dbc2, org.springframework.boot.test.autoconfigure.SpringBootDependencyInjectionTestExecutionListener@1b6b9110, org.springframework.test.context.support.DirtiesContextTestExecutionListener@5757d5ea, org.springframework.test.context.transaction.TransactionalTestExecutionListener@8164feb, org.springframework.test.context.jdbc.SqlScriptsTestExecutionListener@31d7fde0, org.springframework.security.test.context.support.WithSecurityContextTestExecutionListener@76f319db, org.springframework.security.test.context.support.ReactorContextTestExecutionListener@1f626a6a, org.springframework.boot.test.autoconfigure.restdocs.RestDocsTestExecutionListener@25b1177a, org.springframework.boot.test.autoconfigure.web.client.MockRestServiceServerResetTestExecutionListener@2b87c6d1, org.springframework.boot.test.autoconfigure.web.servlet.MockMvcPrintOnlyOnFailureTestExecutionListener@45542fbb, org.springframework.boot.test.autoconfigure.web.servlet.WebDriverTestExecutionListener@49692c41, org.springframework.boot.test.mock.mockito.ResetMocksTestExecutionListener@644ee8d1]

  .   ____          _            __ _ _
 /\\ / ___'_ __ _ _(_)_ __  __ _ \ \ \ \
( ( )\___ | '_ | '_| | '_ \/ _` | \ \ \ \
 \\/  ___)| |_)| | | | | || (_| |  ) ) ) )
  '  |____| .__|_| |_|_| |_\__, | / / / /
 =========|_|==============|___/=/_/_/_/
 :: Spring Boot ::        (v2.1.7.RELEASE)

2023-03-17 14:19:33.289  INFO 34792 --- [    Test worker] c.w.s.web.dto.IndexControllerTest        : Starting IndexControllerTest on DESKTOP-TTP9NQD with PID 34792 (started by ksy in D:\03. Project\ws2\webservice\webservice)
2023-03-17 14:19:33.290  INFO 34792 --- [    Test worker] c.w.s.web.dto.IndexControllerTest        : The following profiles are active: oauth
2023-03-17 14:19:35.654  INFO 34792 --- [    Test worker] .s.d.r.c.RepositoryConfigurationDelegate : Bootstrapping Spring Data repositories in DEFAULT mode.
2023-03-17 14:19:35.892  INFO 34792 --- [    Test worker] .s.d.r.c.RepositoryConfigurationDelegate : Finished Spring Data repository scanning in 213ms. Found 2 repository interfaces.
2023-03-17 14:19:36.956  INFO 34792 --- [    Test worker] trationDelegate$BeanPostProcessorChecker : Bean 'org.springframework.transaction.annotation.ProxyTransactionManagementConfiguration' of type [org.springframework.transaction.annotation.ProxyTransactionManagementConfiguration$$EnhancerBySpringCGLIB$$b841180d] is not eligible for getting processed by all BeanPostProcessors (for example: not eligible for auto-proxying)
2023-03-17 14:19:39.001  INFO 34792 --- [    Test worker] o.s.b.w.embedded.tomcat.TomcatWebServer  : Tomcat initialized with port(s): 0 (http)
2023-03-17 14:19:39.095  INFO 34792 --- [    Test worker] o.apache.catalina.core.StandardService   : Starting service [Tomcat]
2023-03-17 14:19:39.096  INFO 34792 --- [    Test worker] org.apache.catalina.core.StandardEngine  : Starting Servlet engine: [Apache Tomcat/9.0.22]
2023-03-17 14:19:40.512  INFO 34792 --- [    Test worker] o.a.c.c.C.[Tomcat].[localhost].[/]       : Initializing Spring embedded WebApplicationContext
2023-03-17 14:19:40.512  INFO 34792 --- [    Test worker] o.s.web.context.ContextLoader            : Root WebApplicationContext: initialization completed in 7213 ms
2023-03-17 14:19:41.484  INFO 34792 --- [    Test worker] com.zaxxer.hikari.HikariDataSource       : HikariPool-1 - Starting...
2023-03-17 14:19:42.320  INFO 34792 --- [    Test worker] com.zaxxer.hikari.HikariDataSource       : HikariPool-1 - Start completed.
2023-03-17 14:19:42.754  INFO 34792 --- [    Test worker] o.hibernate.jpa.internal.util.LogHelper  : HHH000204: Processing PersistenceUnitInfo [
	name: default
	...]
2023-03-17 14:19:43.294  INFO 34792 --- [    Test worker] org.hibernate.Version                    : HHH000412: Hibernate Core {5.3.10.Final}
2023-03-17 14:19:43.303  INFO 34792 --- [    Test worker] org.hibernate.cfg.Environment            : HHH000206: hibernate.properties not found
2023-03-17 14:19:43.614  INFO 34792 --- [    Test worker] o.hibernate.annotations.common.Version   : HCANN000001: Hibernate Commons Annotations {5.0.4.Final}
2023-03-17 14:19:44.595  INFO 34792 --- [    Test worker] org.hibernate.dialect.Dialect            : HHH000400: Using dialect: org.hibernate.dialect.MySQL5InnoDBDialect
Hibernate: drop table if exists posts
Hibernate: drop table if exists user
Hibernate: create table posts (id bigint not null auto_increment, created_date datetime, modified_date datetime, author varchar(255), content TEXT not null, title varchar(500) not null, primary key (id)) engine=InnoDB
Hibernate: create table user (id bigint not null auto_increment, created_date datetime, modified_date datetime, email varchar(255) not null, name varchar(255) not null, picture varchar(255), role varchar(255) not null, primary key (id)) engine=InnoDB
2023-03-17 14:19:47.865  INFO 34792 --- [    Test worker] o.h.t.schema.internal.SchemaCreatorImpl  : HHH000476: Executing import script 'org.hibernate.tool.schema.internal.exec.ScriptSourceInputNonExistentImpl@7ec5d52b'
2023-03-17 14:19:47.878  INFO 34792 --- [    Test worker] j.LocalContainerEntityManagerFactoryBean : Initialized JPA EntityManagerFactory for persistence unit 'default'
2023-03-17 14:19:50.621  INFO 34792 --- [    Test worker] o.h.h.i.QueryTranslatorFactoryInitiator  : HHH000397: Using ASTQueryTranslatorFactory
2023-03-17 14:19:51.926  INFO 34792 --- [    Test worker] o.s.s.web.DefaultSecurityFilterChain     : Creating filter chain: any request, [org.springframework.security.web.context.request.async.WebAsyncManagerIntegrationFilter@71b93085, org.springframework.security.web.context.SecurityContextPersistenceFilter@33d60a95, org.springframework.security.web.header.HeaderWriterFilter@4a00ae2c, org.springframework.security.web.authentication.logout.LogoutFilter@40de0b2, org.springframework.security.oauth2.client.web.OAuth2AuthorizationRequestRedirectFilter@30a7e8a4, org.springframework.security.oauth2.client.web.OAuth2LoginAuthenticationFilter@17eccf0c, org.springframework.security.web.authentication.ui.DefaultLoginPageGeneratingFilter@78cc074, org.springframework.security.web.authentication.ui.DefaultLogoutPageGeneratingFilter@5c44a134, org.springframework.security.web.savedrequest.RequestCacheAwareFilter@519ce0dd, org.springframework.security.web.servletapi.SecurityContextHolderAwareRequestFilter@1ea2550c, org.springframework.security.web.authentication.AnonymousAuthenticationFilter@2da1811f, org.springframework.security.web.session.SessionManagementFilter@677fc90d, org.springframework.security.web.access.ExceptionTranslationFilter@398b6466, org.springframework.security.web.access.intercept.FilterSecurityInterceptor@3206e55d]
2023-03-17 14:19:52.625  INFO 34792 --- [    Test worker] o.s.s.concurrent.ThreadPoolTaskExecutor  : Initializing ExecutorService 'applicationTaskExecutor'
2023-03-17 14:19:52.776  WARN 34792 --- [    Test worker] aWebConfiguration$JpaWebMvcConfiguration : spring.jpa.open-in-view is enabled by default. Therefore, database queries may be performed during view rendering. Explicitly configure spring.jpa.open-in-view to disable this warning
2023-03-17 14:19:52.934  INFO 34792 --- [    Test worker] o.s.b.a.w.s.WelcomePageHandlerMapping    : Adding welcome page template: index
2023-03-17 14:19:54.554  INFO 34792 --- [    Test worker] s.a.ScheduledAnnotationBeanPostProcessor : No TaskScheduler/ScheduledExecutorService bean found for scheduled processing
2023-03-17 14:19:54.644  INFO 34792 --- [    Test worker] o.s.b.w.embedded.tomcat.TomcatWebServer  : Tomcat started on port(s): 53163 (http) with context path ''
2023-03-17 14:19:54.654  INFO 34792 --- [    Test worker] c.w.s.web.dto.IndexControllerTest        : Started IndexControllerTest in 21.52 seconds (JVM running for 40.276)
2023-03-17 14:19:54.991  INFO 34792 --- [o-auto-1-exec-1] o.a.c.c.C.[Tomcat].[localhost].[/]       : Initializing Spring DispatcherServlet 'dispatcherServlet'
2023-03-17 14:19:54.992  INFO 34792 --- [o-auto-1-exec-1] o.s.web.servlet.DispatcherServlet        : Initializing Servlet 'dispatcherServlet'
2023-03-17 14:19:55.063  INFO 34792 --- [o-auto-1-exec-1] o.s.web.servlet.DispatcherServlet        : Completed initialization in 70 ms
Hibernate: select posts0_.id as id1_0_, posts0_.created_date as created_2_0_, posts0_.modified_date as modified3_0_, posts0_.author as author4_0_, posts0_.content as content5_0_, posts0_.title as title6_0_ from posts posts0_ order by posts0_.id DESC
]]></system-out>
  <system-err><![CDATA[]]></system-err>
</testsuite>
